<?xml version="1.0" encoding="UTF-8"?>
<coverage generated="1575258534406" clover="3.2.0">
  <project timestamp="1575258534406" name="All files">
    <metrics statements="16" coveredstatements="5" conditionals="2" coveredconditionals="0" methods="4" coveredmethods="2" elements="22" coveredelements="7" complexity="0" loc="16" ncloc="16" packages="1" files="1" classes="1"/>
    <file name="index.js" path="/home/ubuntu/SAP003-md-links/lib/index.js">
      <metrics statements="16" coveredstatements="5" conditionals="2" coveredconditionals="0" methods="4" coveredmethods="2"/>
      <line num="1" count="1" type="stmt"/>
      <line num="4" count="1" type="stmt"/>
      <line num="6" count="1" type="stmt"/>
      <line num="7" count="0" type="cond" truecount="0" falsecount="2"/>
      <line num="8" count="0" type="stmt"/>
      <line num="10" count="0" type="stmt"/>
      <line num="11" count="0" type="stmt"/>
      <line num="12" count="0" type="stmt"/>
      <line num="13" count="0" type="stmt"/>
      <line num="15" count="0" type="stmt"/>
      <line num="16" count="0" type="stmt"/>
      <line num="17" count="0" type="stmt"/>
      <line num="19" count="0" type="stmt"/>
      <line num="27" count="0" type="stmt"/>
      <line num="33" count="1" type="stmt"/>
      <line num="35" count="1" type="stmt"/>
    </file>
  </project>
</coverage>
