{"/home/ubuntu/SAP003-md-links/lib/index.js": {"path":"/home/ubuntu/SAP003-md-links/lib/index.js","statementMap":{"0":{"start":{"line":2,"column":13},"end":{"line":2,"column":26}},"1":{"start":{"line":3,"column":23},"end":{"line":3,"column":66}},"2":{"start":{"line":4,"column":17},"end":{"line":4,"column":58}},"3":{"start":{"line":5,"column":21},"end":{"line":5,"column":23}},"4":{"start":{"line":6,"column":22},"end":{"line":6,"column":24}},"5":{"start":{"line":8,"column":2},"end":{"line":23,"column":5}},"6":{"start":{"line":9,"column":4},"end":{"line":22,"column":7}},"7":{"start":{"line":10,"column":6},"end":{"line":21,"column":7}},"8":{"start":{"line":11,"column":8},"end":{"line":11,"column":43}},"9":{"start":{"line":13,"column":8},"end":{"line":13,"column":30}},"10":{"start":{"line":14,"column":23},"end":{"line":14,"column":40}},"11":{"start":{"line":15,"column":24},"end":{"line":15,"column":50}},"12":{"start":{"line":16,"column":8},"end":{"line":19,"column":11}},"13":{"start":{"line":17,"column":27},"end":{"line":17,"column":48}},"14":{"start":{"line":18,"column":10},"end":{"line":18,"column":67}},"15":{"start":{"line":20,"column":8},"end":{"line":20,"column":29}},"16":{"start":{"line":26,"column":0},"end":{"line":26,"column":25}}},"fnMap":{"0":{"name":"mdLinks","decl":{"start":{"line":1,"column":9},"end":{"line":1,"column":16}},"loc":{"start":{"line":1,"column":23},"end":{"line":24,"column":1}},"line":1},"1":{"name":"(anonymous_1)","decl":{"start":{"line":8,"column":21},"end":{"line":8,"column":22}},"loc":{"start":{"line":8,"column":42},"end":{"line":23,"column":3}},"line":8},"2":{"name":"(anonymous_2)","decl":{"start":{"line":9,"column":30},"end":{"line":9,"column":31}},"loc":{"start":{"line":9,"column":45},"end":{"line":22,"column":5}},"line":9},"3":{"name":"(anonymous_3)","decl":{"start":{"line":16,"column":24},"end":{"line":16,"column":25}},"loc":{"start":{"line":16,"column":37},"end":{"line":19,"column":9}},"line":16}},"branchMap":{"0":{"loc":{"start":{"line":10,"column":6},"end":{"line":21,"column":7}},"type":"if","locations":[{"start":{"line":10,"column":6},"end":{"line":21,"column":7}},{"start":{"line":10,"column":6},"end":{"line":21,"column":7}}],"line":10}},"s":{"0":2,"1":2,"2":2,"3":2,"4":2,"5":2,"6":2,"7":2,"8":1,"9":1,"10":1,"11":1,"12":1,"13":4,"14":4,"15":1,"16":1},"f":{"0":2,"1":2,"2":2,"3":4},"b":{"0":[1,1]},"_coverageSchema":"43e27e138ebf9cfc5966b082cf9a028302ed4184","hash":"02795bee6faf06efc4cca109ddf16e947a2803dc"}
}
