{"/home/ubuntu/SAP003-md-links/lib/index.js": {"path":"/home/ubuntu/SAP003-md-links/lib/index.js","statementMap":{"0":{"start":{"line":1,"column":11},"end":{"line":1,"column":24}},"1":{"start":{"line":4,"column":2},"end":{"line":23,"column":4}},"2":{"start":{"line":5,"column":17},"end":{"line":5,"column":32}},"3":{"start":{"line":6,"column":4},"end":{"line":22,"column":7}},"4":{"start":{"line":7,"column":6},"end":{"line":7,"column":23}},"5":{"start":{"line":8,"column":6},"end":{"line":21,"column":7}},"6":{"start":{"line":9,"column":8},"end":{"line":9,"column":42}},"7":{"start":{"line":11,"column":36},"end":{"line":11,"column":79}},"8":{"start":{"line":12,"column":30},"end":{"line":12,"column":71}},"9":{"start":{"line":13,"column":24},"end":{"line":13,"column":55}},"10":{"start":{"line":14,"column":28},"end":{"line":14,"column":30}},"11":{"start":{"line":16,"column":8},"end":{"line":19,"column":10}},"12":{"start":{"line":17,"column":27},"end":{"line":17,"column":55}},"13":{"start":{"line":18,"column":10},"end":{"line":18,"column":64}},"14":{"start":{"line":20,"column":8},"end":{"line":20,"column":28}},"15":{"start":{"line":26,"column":0},"end":{"line":26,"column":9}},"16":{"start":{"line":28,"column":0},"end":{"line":28,"column":25}}},"fnMap":{"0":{"name":"mdLinks","decl":{"start":{"line":3,"column":9},"end":{"line":3,"column":16}},"loc":{"start":{"line":3,"column":23},"end":{"line":24,"column":1}},"line":3},"1":{"name":"(anonymous_1)","decl":{"start":{"line":4,"column":21},"end":{"line":4,"column":22}},"loc":{"start":{"line":4,"column":42},"end":{"line":23,"column":3}},"line":4},"2":{"name":"(anonymous_2)","decl":{"start":{"line":6,"column":30},"end":{"line":6,"column":31}},"loc":{"start":{"line":6,"column":45},"end":{"line":22,"column":5}},"line":6},"3":{"name":"(anonymous_3)","decl":{"start":{"line":16,"column":24},"end":{"line":16,"column":25}},"loc":{"start":{"line":16,"column":37},"end":{"line":19,"column":9}},"line":16}},"branchMap":{"0":{"loc":{"start":{"line":8,"column":6},"end":{"line":21,"column":7}},"type":"if","locations":[{"start":{"line":8,"column":6},"end":{"line":21,"column":7}},{"start":{"line":8,"column":6},"end":{"line":21,"column":7}}],"line":8}},"s":{"0":1,"1":3,"2":3,"3":3,"4":3,"5":3,"6":0,"7":3,"8":3,"9":3,"10":0,"11":0,"12":0,"13":0,"14":0,"15":1,"16":1},"f":{"0":3,"1":3,"2":3,"3":0},"b":{"0":[0,3]},"_coverageSchema":"43e27e138ebf9cfc5966b082cf9a028302ed4184","hash":"1fda48f50c71ce5f2f4efa85b6824a81d4a6a55b"}
}
